0 info it worked if it ends with ok
1 verbose cli [
1 verbose cli   '/usr/bin/node',
1 verbose cli   '/usr/lib/node_modules/pm2/lib/ProcessContainerFork.js',
1 verbose cli   'run',
1 verbose cli   'start'
1 verbose cli ]
2 info using npm@6.14.6
3 info using node@v12.18.3
4 verbose run-script [ 'prestart', 'start', 'poststart' ]
5 info lifecycle influencer-voucher-code@0.1.0~prestart: influencer-voucher-code@0.1.0
6 info lifecycle influencer-voucher-code@0.1.0~start: influencer-voucher-code@0.1.0
7 verbose lifecycle influencer-voucher-code@0.1.0~start: unsafe-perm in lifecycle true
8 verbose lifecycle influencer-voucher-code@0.1.0~start: PATH: /usr/lib/node_modules/npm/node_modules/npm-lifecycle/node-gyp-bin:/home/ec2-user/new-influencer-code/node_modules/.bin:/usr/local/bin:/bin:/usr/bin:/usr/local/sbin:/usr/sbin:/sbin:/opt/aws/bin:/home/ec2-user/.local/bin:/home/ec2-user/bin
9 verbose lifecycle influencer-voucher-code@0.1.0~start: CWD: /home/ec2-user/new-influencer-code
10 silly lifecycle influencer-voucher-code@0.1.0~start: Args: [ '-c', 'next start -p 4001' ]
11 silly lifecycle influencer-voucher-code@0.1.0~start: Returned: code: 1  signal: null
12 info lifecycle influencer-voucher-code@0.1.0~start: Failed to exec start script
13 verbose stack Error: influencer-voucher-code@0.1.0 start: `next start -p 4001`
13 verbose stack Exit status 1
13 verbose stack     at EventEmitter.<anonymous> (/usr/lib/node_modules/npm/node_modules/npm-lifecycle/index.js:332:16)
13 verbose stack     at EventEmitter.emit (events.js:315:20)
13 verbose stack     at ChildProcess.<anonymous> (/usr/lib/node_modules/npm/node_modules/npm-lifecycle/lib/spawn.js:55:14)
13 verbose stack     at ChildProcess.emit (events.js:315:20)
13 verbose stack     at maybeClose (internal/child_process.js:1021:16)
13 verbose stack     at Process.ChildProcess._handle.onexit (internal/child_process.js:286:5)
14 verbose pkgid influencer-voucher-code@0.1.0
15 verbose cwd /home/ec2-user/new-influencer-code
16 verbose Linux 4.14.158-101.185.amzn1.x86_64
17 verbose argv "/usr/bin/node" "/usr/lib/node_modules/pm2/lib/ProcessContainerFork.js" "run" "start"
18 verbose node v12.18.3
19 verbose npm  v6.14.6
20 error code ELIFECYCLE
21 error errno 1
22 error influencer-voucher-code@0.1.0 start: `next start -p 4001`
22 error Exit status 1
23 error Failed at the influencer-voucher-code@0.1.0 start script.
23 error This is probably not a problem with npm. There is likely additional logging output above.
24 verbose exit [ 1, true ]
